TN:
SF:app.js
FNF:0
FNH:0
DA:1,1
DA:2,1
DA:3,1
DA:4,1
DA:5,1
DA:6,1
DA:7,1
DA:8,1
DA:9,1
DA:10,1
DA:11,1
DA:12,0
DA:13,0
DA:14,0
DA:15,0
DA:16,1
DA:17,1
DA:18,1
DA:19,1
DA:20,1
DA:21,1
DA:22,1
DA:23,1
LF:23
LH:19
BRDA:18,0,0,0
BRDA:19,1,0,1
BRF:2
BRH:1
end_of_record
TN:
SF:src/controllers/v1/account.controller.js
FN:7,getAllAccount
FN:26,getAccountById
FN:57,createAccount
FN:103,deleteAccountById
FN:139,updateAccountById
FNF:5
FNH:5
FNDA:1,getAllAccount
FNDA:2,getAccountById
FNDA:1,createAccount
FNDA:2,deleteAccountById
FNDA:2,updateAccountById
DA:1,1
DA:2,1
DA:3,1
DA:4,1
DA:5,1
DA:6,1
DA:7,1
DA:8,1
DA:9,1
DA:10,1
DA:11,1
DA:12,1
DA:13,1
DA:14,1
DA:15,1
DA:16,1
DA:17,0
DA:18,0
DA:19,0
DA:20,0
DA:21,0
DA:22,0
DA:23,0
DA:24,1
DA:25,1
DA:26,1
DA:27,2
DA:28,2
DA:29,2
DA:30,2
DA:31,2
DA:32,1
DA:33,1
DA:34,1
DA:35,1
DA:36,2
DA:37,0
DA:38,0
DA:39,0
DA:40,0
DA:41,1
DA:42,1
DA:43,1
DA:44,1
DA:45,1
DA:46,1
DA:47,2
DA:48,0
DA:49,0
DA:50,0
DA:51,0
DA:52,0
DA:53,0
DA:54,0
DA:55,2
DA:56,1
DA:57,1
DA:58,1
DA:59,1
DA:60,1
DA:61,1
DA:62,1
DA:63,1
DA:64,1
DA:65,1
DA:66,1
DA:67,1
DA:68,0
DA:69,0
DA:70,0
DA:71,0
DA:72,1
DA:73,0
DA:74,0
DA:75,0
DA:76,0
DA:77,1
DA:78,0
DA:79,0
DA:80,0
DA:81,0
DA:82,1
DA:83,0
DA:84,0
DA:85,0
DA:86,0
DA:87,1
DA:88,1
DA:89,1
DA:90,1
DA:91,1
DA:92,1
DA:93,1
DA:94,0
DA:95,0
DA:96,0
DA:97,0
DA:98,0
DA:99,0
DA:100,0
DA:101,1
DA:102,1
DA:103,1
DA:104,2
DA:105,2
DA:106,2
DA:107,2
DA:108,2
DA:109,0
DA:110,0
DA:111,0
DA:112,0
DA:113,2
DA:114,1
DA:115,1
DA:116,1
DA:117,1
DA:118,2
DA:119,0
DA:120,0
DA:121,0
DA:122,0
DA:123,1
DA:124,1
DA:125,1
DA:126,1
DA:127,1
DA:128,1
DA:129,2
DA:130,0
DA:131,0
DA:132,0
DA:133,0
DA:134,0
DA:135,0
DA:136,0
DA:137,2
DA:138,1
DA:139,1
DA:140,2
DA:141,2
DA:142,2
DA:143,2
DA:144,2
DA:145,2
DA:146,2
DA:147,2
DA:148,2
DA:149,2
DA:150,2
DA:151,2
DA:152,2
DA:153,0
DA:154,0
DA:155,0
DA:156,0
DA:157,2
DA:158,1
DA:159,1
DA:160,1
DA:161,1
DA:162,2
DA:163,0
DA:164,0
DA:165,0
DA:166,0
DA:167,1
DA:168,1
DA:169,1
DA:170,1
DA:171,1
DA:172,1
DA:173,2
DA:174,0
DA:175,0
DA:176,0
DA:177,0
DA:178,0
DA:179,0
DA:180,0
DA:181,2
DA:182,1
DA:183,1
DA:184,1
LF:184
LH:113
BRDA:7,0,0,1
BRDA:16,1,0,0
BRDA:26,2,0,2
BRDA:31,3,0,1
BRDA:36,4,0,0
BRDA:40,5,0,1
BRDA:47,6,0,0
BRDA:57,7,0,1
BRDA:67,8,0,0
BRDA:72,9,0,0
BRDA:77,10,0,0
BRDA:82,11,0,0
BRDA:93,12,0,0
BRDA:103,13,0,2
BRDA:108,14,0,0
BRDA:113,15,0,1
BRDA:118,16,0,0
BRDA:122,17,0,1
BRDA:129,18,0,0
BRDA:139,19,0,2
BRDA:152,20,0,0
BRDA:157,21,0,1
BRDA:162,22,0,0
BRDA:166,23,0,1
BRDA:173,24,0,0
BRF:25
BRH:11
end_of_record
TN:
SF:src/controllers/v1/transaction.controller.js
FN:7,getAllTransaction
FN:26,getTransactionById
FN:57,createTransaction
FNF:3
FNH:3
FNDA:1,getAllTransaction
FNDA:2,getTransactionById
FNDA:4,createTransaction
DA:1,1
DA:2,1
DA:3,1
DA:4,1
DA:5,1
DA:6,1
DA:7,1
DA:8,1
DA:9,1
DA:10,1
DA:11,1
DA:12,1
DA:13,1
DA:14,1
DA:15,1
DA:16,1
DA:17,0
DA:18,0
DA:19,0
DA:20,0
DA:21,0
DA:22,0
DA:23,0
DA:24,1
DA:25,1
DA:26,1
DA:27,2
DA:28,2
DA:29,2
DA:30,2
DA:31,2
DA:32,1
DA:33,1
DA:34,1
DA:35,1
DA:36,2
DA:37,0
DA:38,0
DA:39,0
DA:40,0
DA:41,1
DA:42,1
DA:43,1
DA:44,1
DA:45,1
DA:46,1
DA:47,2
DA:48,0
DA:49,0
DA:50,0
DA:51,0
DA:52,0
DA:53,0
DA:54,0
DA:55,2
DA:56,1
DA:57,1
DA:58,4
DA:59,4
DA:60,4
DA:61,4
DA:62,4
DA:63,4
DA:64,4
DA:65,1
DA:66,1
DA:67,1
DA:68,1
DA:69,4
DA:70,1
DA:71,1
DA:72,1
DA:73,1
DA:74,4
DA:75,1
DA:76,1
DA:77,1
DA:78,1
DA:79,4
DA:80,0
DA:81,0
DA:82,0
DA:83,0
DA:84,1
DA:85,1
DA:86,1
DA:87,1
DA:88,1
DA:89,1
DA:90,4
DA:91,0
DA:92,0
DA:93,0
DA:94,0
DA:95,0
DA:96,0
DA:97,0
DA:98,4
DA:99,1
DA:100,1
DA:101,1
DA:102,1
DA:103,1
DA:104,1
DA:105,1
DA:106,1
DA:107,1
DA:108,1
DA:109,1
DA:110,1
DA:111,1
DA:112,1
DA:113,1
DA:114,1
DA:115,1
DA:116,1
DA:117,1
DA:118,1
DA:119,1
DA:120,1
DA:121,1
DA:122,1
DA:123,1
DA:124,1
DA:125,1
DA:126,1
DA:127,1
DA:128,1
DA:129,1
DA:130,1
DA:131,1
DA:132,1
DA:133,1
DA:134,1
DA:135,1
DA:136,1
DA:137,1
DA:138,1
DA:139,1
DA:140,1
DA:141,1
DA:142,1
DA:143,1
DA:144,1
DA:145,1
DA:146,1
DA:147,1
DA:148,1
DA:149,1
DA:150,1
DA:151,1
DA:152,1
DA:153,1
DA:154,1
DA:155,1
DA:156,1
DA:157,1
DA:158,1
DA:159,1
DA:160,1
DA:161,1
DA:162,1
DA:163,1
DA:164,1
DA:165,1
DA:166,1
DA:167,1
DA:168,1
DA:169,1
DA:170,1
LF:170
LH:141
BRDA:7,0,0,1
BRDA:16,1,0,0
BRDA:26,2,0,2
BRDA:31,3,0,1
BRDA:36,4,0,0
BRDA:40,5,0,1
BRDA:47,6,0,0
BRDA:57,7,0,4
BRDA:64,8,0,1
BRDA:68,9,0,3
BRDA:69,10,0,1
BRDA:73,11,0,2
BRDA:74,12,0,1
BRDA:79,13,0,0
BRDA:83,14,0,1
BRDA:90,15,0,0
BRF:16
BRH:11
end_of_record
TN:
SF:src/controllers/v1/user.controller.js
FN:7,getAllUser
FN:26,getUserById
FN:62,userRegister
FN:93,deleteUserById
FN:134,updateUserById
FN:175,userLogin
FNF:6
FNH:6
FNDA:1,getAllUser
FNDA:2,getUserById
FNDA:2,userRegister
FNDA:2,deleteUserById
FNDA:2,updateUserById
FNDA:3,userLogin
DA:1,1
DA:2,1
DA:3,1
DA:4,1
DA:5,1
DA:6,1
DA:7,1
DA:8,1
DA:9,1
DA:10,1
DA:11,1
DA:12,1
DA:13,1
DA:14,1
DA:15,1
DA:16,1
DA:17,0
DA:18,0
DA:19,0
DA:20,0
DA:21,0
DA:22,0
DA:23,0
DA:24,1
DA:25,1
DA:26,1
DA:27,2
DA:28,2
DA:29,2
DA:30,2
DA:31,2
DA:32,0
DA:33,0
DA:34,0
DA:35,0
DA:36,2
DA:37,1
DA:38,1
DA:39,1
DA:40,1
DA:41,2
DA:42,0
DA:43,0
DA:44,0
DA:45,0
DA:46,1
DA:47,1
DA:48,1
DA:49,1
DA:50,1
DA:51,1
DA:52,2
DA:53,0
DA:54,0
DA:55,0
DA:56,0
DA:57,0
DA:58,0
DA:59,0
DA:60,2
DA:61,1
DA:62,1
DA:63,2
DA:64,2
DA:65,2
DA:66,2
DA:67,2
DA:68,1
DA:69,1
DA:70,1
DA:71,1
DA:72,2
DA:73,0
DA:74,0
DA:75,0
DA:76,0
DA:77,1
DA:78,1
DA:79,1
DA:80,1
DA:81,1
DA:82,1
DA:83,2
DA:84,0
DA:85,0
DA:86,0
DA:87,0
DA:88,0
DA:89,0
DA:90,0
DA:91,2
DA:92,1
DA:93,1
DA:94,2
DA:95,2
DA:96,2
DA:97,2
DA:98,2
DA:99,0
DA:100,0
DA:101,0
DA:102,0
DA:103,2
DA:104,1
DA:105,1
DA:106,1
DA:107,1
DA:108,2
DA:109,0
DA:110,0
DA:111,0
DA:112,0
DA:113,2
DA:114,0
DA:115,0
DA:116,0
DA:117,0
DA:118,1
DA:119,1
DA:120,1
DA:121,1
DA:122,1
DA:123,1
DA:124,2
DA:125,0
DA:126,0
DA:127,0
DA:128,0
DA:129,0
DA:130,0
DA:131,0
DA:132,2
DA:133,1
DA:134,1
DA:135,2
DA:136,2
DA:137,2
DA:138,2
DA:139,2
DA:140,0
DA:141,0
DA:142,0
DA:143,0
DA:144,2
DA:145,1
DA:146,1
DA:147,1
DA:148,1
DA:149,2
DA:150,0
DA:151,0
DA:152,0
DA:153,0
DA:154,2
DA:155,0
DA:156,0
DA:157,0
DA:158,0
DA:159,1
DA:160,1
DA:161,1
DA:162,1
DA:163,1
DA:164,1
DA:165,2
DA:166,0
DA:167,0
DA:168,0
DA:169,0
DA:170,0
DA:171,0
DA:172,0
DA:173,2
DA:174,1
DA:175,1
DA:176,3
DA:177,3
DA:178,3
DA:179,3
DA:180,3
DA:181,2
DA:182,2
DA:183,2
DA:184,2
DA:185,3
DA:186,0
DA:187,0
DA:188,0
DA:189,0
DA:190,3
DA:191,0
DA:192,0
DA:193,0
DA:194,0
DA:195,1
DA:196,1
DA:197,1
DA:198,1
DA:199,1
DA:200,1
DA:201,3
DA:202,0
DA:203,0
DA:204,0
DA:205,0
DA:206,0
DA:207,0
DA:208,0
DA:209,3
DA:210,1
DA:211,1
DA:212,1
LF:212
LH:126
BRDA:7,0,0,1
BRDA:16,1,0,0
BRDA:26,2,0,2
BRDA:31,3,0,0
BRDA:36,4,0,1
BRDA:41,5,0,0
BRDA:45,6,0,1
BRDA:52,7,0,0
BRDA:62,8,0,2
BRDA:67,9,0,1
BRDA:72,10,0,0
BRDA:76,11,0,1
BRDA:83,12,0,0
BRDA:93,13,0,2
BRDA:98,14,0,0
BRDA:103,15,0,1
BRDA:108,16,0,0
BRDA:112,17,0,1
BRDA:113,18,0,0
BRDA:117,19,0,1
BRDA:124,20,0,0
BRDA:134,21,0,2
BRDA:139,22,0,0
BRDA:144,23,0,1
BRDA:149,24,0,0
BRDA:153,25,0,1
BRDA:154,26,0,0
BRDA:158,27,0,1
BRDA:165,28,0,0
BRDA:175,29,0,3
BRDA:180,30,0,2
BRDA:184,31,0,1
BRDA:185,32,0,0
BRDA:189,33,0,1
BRDA:190,34,0,0
BRDA:194,35,0,1
BRDA:201,36,0,0
BRF:37
BRH:20
end_of_record
